<?xml version="1.0" encoding="UTF-8"?>
<!-- Generated by org.testng.reporters.JUnitXMLReporter -->
<testsuite ignored="0" hostname="DESKTOP-Q9HC8N9" failures="0" tests="2" name="Test" time="0.941" errors="0" timestamp="2025-05-01T20:23:44 IST">
  <testcase classname="testBase.BaseClass" name="@BeforeClass setup" time="0.566">
    <failure type="java.net.MalformedURLException" message="Cannot invoke &amp;quot;String.length()&amp;quot; because &amp;quot;spec&amp;quot; is null">
      <![CDATA[java.net.MalformedURLException: Cannot invoke "String.length()" because "spec" is null
at java.base/java.net.URL.<init>(URL.java:806)
at java.base/java.net.URL.<init>(URL.java:654)
at java.base/java.net.URL.<init>(URL.java:590)
at testBase.BaseClass.setup(BaseClass.java:101)
at java.base/java.util.ArrayList.forEach(ArrayList.java:1596)
Caused by: java.lang.NullPointerException: Cannot invoke "String.length()" because "spec" is null
at java.base/java.net.URL.<init>(URL.java:712)
... 27 more
... Removed 23 stack frames]]>
    </failure>
  </testcase> <!-- @BeforeClass setup -->
  <testcase classname="testBase.BaseClass" name="@BeforeClass setup" time="0.001">
    <failure type="java.net.MalformedURLException" message="Cannot invoke &amp;quot;String.length()&amp;quot; because &amp;quot;spec&amp;quot; is null">
      <![CDATA[java.net.MalformedURLException: Cannot invoke "String.length()" because "spec" is null
at java.base/java.net.URL.<init>(URL.java:806)
at java.base/java.net.URL.<init>(URL.java:654)
at java.base/java.net.URL.<init>(URL.java:590)
at testBase.BaseClass.setup(BaseClass.java:101)
at java.base/java.util.ArrayList.forEach(ArrayList.java:1596)
Caused by: java.lang.NullPointerException: Cannot invoke "String.length()" because "spec" is null
at java.base/java.net.URL.<init>(URL.java:712)
... 27 more
... Removed 23 stack frames]]>
    </failure>
  </testcase> <!-- @BeforeClass setup -->
  <testcase classname="testCases.TC001_AccountRegistrationTest" name="verify_account_registration" time="0.0">
    <skipped/>
  </testcase> <!-- verify_account_registration -->
  <testcase classname="testCases.TC002_LoginTest" name="verify_login" time="0.001">
    <skipped/>
  </testcase> <!-- verify_login -->
</testsuite> <!-- Test -->
